Error: Cannot find module 'D:\Djuli\Djuli v2.0\typescript-djuli\build\main.bundle.js'
    at Function.Module._resolveFilename (node:internal/modules/cjs/loader:933:15)
    at Function.Module._load (node:internal/modules/cjs/loader:778:27)
    at C:\Users\Shashikant\AppData\Roaming\npm\node_modules\pm2\lib\ProcessContainer.js:303:25
    at wrapper (C:\Users\Shashikant\AppData\Roaming\npm\node_modules\pm2\node_modules\async\internal\once.js:12:16)
    at next (C:\Users\Shashikant\AppData\Roaming\npm\node_modules\pm2\node_modules\async\waterfall.js:96:20)
    at C:\Users\Shashikant\AppData\Roaming\npm\node_modules\pm2\node_modules\async\internal\onlyOnce.js:12:16
    at WriteStream.<anonymous> (C:\Users\Shashikant\AppData\Roaming\npm\node_modules\pm2\lib\Utility.js:186:13)
    at WriteStream.emit (node:events:390:28)
    at node:internal/fs/streams:72:16
    at FSReqCallback.oncomplete (node:fs:188:23)
Error: Cannot find module 'D:\Djuli\Djuli v2.0\typescript-djuli\build\main.bundle.js'
    at Function.Module._resolveFilename (node:internal/modules/cjs/loader:933:15)
    at Function.Module._load (node:internal/modules/cjs/loader:778:27)
    at C:\Users\Shashikant\AppData\Roaming\npm\node_modules\pm2\lib\ProcessContainer.js:303:25
    at wrapper (C:\Users\Shashikant\AppData\Roaming\npm\node_modules\pm2\node_modules\async\internal\once.js:12:16)
    at next (C:\Users\Shashikant\AppData\Roaming\npm\node_modules\pm2\node_modules\async\waterfall.js:96:20)
    at C:\Users\Shashikant\AppData\Roaming\npm\node_modules\pm2\node_modules\async\internal\onlyOnce.js:12:16
    at WriteStream.<anonymous> (C:\Users\Shashikant\AppData\Roaming\npm\node_modules\pm2\lib\Utility.js:186:13)
    at WriteStream.emit (node:events:390:28)
    at node:internal/fs/streams:72:16
    at FSReqCallback.oncomplete (node:fs:188:23)
Error: Cannot find module 'D:\Djuli\Djuli v2.0\typescript-djuli\build\main.bundle.js'
    at Function.Module._resolveFilename (node:internal/modules/cjs/loader:933:15)
    at Function.Module._load (node:internal/modules/cjs/loader:778:27)
    at C:\Users\Shashikant\AppData\Roaming\npm\node_modules\pm2\lib\ProcessContainer.js:303:25
    at wrapper (C:\Users\Shashikant\AppData\Roaming\npm\node_modules\pm2\node_modules\async\internal\once.js:12:16)
    at next (C:\Users\Shashikant\AppData\Roaming\npm\node_modules\pm2\node_modules\async\waterfall.js:96:20)
    at C:\Users\Shashikant\AppData\Roaming\npm\node_modules\pm2\node_modules\async\internal\onlyOnce.js:12:16
    at WriteStream.<anonymous> (C:\Users\Shashikant\AppData\Roaming\npm\node_modules\pm2\lib\Utility.js:186:13)
    at WriteStream.emit (node:events:390:28)
    at node:internal/fs/streams:72:16
    at FSReqCallback.oncomplete (node:fs:188:23)
Error: Cannot find module 'D:\Djuli\Djuli v2.0\typescript-djuli\build\main.bundle.js'
    at Function.Module._resolveFilename (node:internal/modules/cjs/loader:933:15)
    at Function.Module._load (node:internal/modules/cjs/loader:778:27)
    at C:\Users\Shashikant\AppData\Roaming\npm\node_modules\pm2\lib\ProcessContainer.js:303:25
    at wrapper (C:\Users\Shashikant\AppData\Roaming\npm\node_modules\pm2\node_modules\async\internal\once.js:12:16)
    at next (C:\Users\Shashikant\AppData\Roaming\npm\node_modules\pm2\node_modules\async\waterfall.js:96:20)
    at C:\Users\Shashikant\AppData\Roaming\npm\node_modules\pm2\node_modules\async\internal\onlyOnce.js:12:16
    at WriteStream.<anonymous> (C:\Users\Shashikant\AppData\Roaming\npm\node_modules\pm2\lib\Utility.js:186:13)
    at WriteStream.emit (node:events:390:28)
    at node:internal/fs/streams:72:16
    at FSReqCallback.oncomplete (node:fs:188:23)
Error: Cannot find module 'D:\Djuli\Djuli v2.0\typescript-djuli\build\main.bundle.js'
    at Function.Module._resolveFilename (node:internal/modules/cjs/loader:933:15)
    at Function.Module._load (node:internal/modules/cjs/loader:778:27)
    at C:\Users\Shashikant\AppData\Roaming\npm\node_modules\pm2\lib\ProcessContainer.js:303:25
    at wrapper (C:\Users\Shashikant\AppData\Roaming\npm\node_modules\pm2\node_modules\async\internal\once.js:12:16)
    at next (C:\Users\Shashikant\AppData\Roaming\npm\node_modules\pm2\node_modules\async\waterfall.js:96:20)
    at C:\Users\Shashikant\AppData\Roaming\npm\node_modules\pm2\node_modules\async\internal\onlyOnce.js:12:16
    at WriteStream.<anonymous> (C:\Users\Shashikant\AppData\Roaming\npm\node_modules\pm2\lib\Utility.js:186:13)
    at WriteStream.emit (node:events:390:28)
    at node:internal/fs/streams:72:16
    at FSReqCallback.oncomplete (node:fs:188:23)
Error: Cannot find module 'D:\Djuli\Djuli v2.0\typescript-djuli\build\main.bundle.js'
    at Function.Module._resolveFilename (node:internal/modules/cjs/loader:933:15)
    at Function.Module._load (node:internal/modules/cjs/loader:778:27)
    at C:\Users\Shashikant\AppData\Roaming\npm\node_modules\pm2\lib\ProcessContainer.js:303:25
    at wrapper (C:\Users\Shashikant\AppData\Roaming\npm\node_modules\pm2\node_modules\async\internal\once.js:12:16)
    at next (C:\Users\Shashikant\AppData\Roaming\npm\node_modules\pm2\node_modules\async\waterfall.js:96:20)
    at C:\Users\Shashikant\AppData\Roaming\npm\node_modules\pm2\node_modules\async\internal\onlyOnce.js:12:16
    at WriteStream.<anonymous> (C:\Users\Shashikant\AppData\Roaming\npm\node_modules\pm2\lib\Utility.js:186:13)
    at WriteStream.emit (node:events:390:28)
    at node:internal/fs/streams:72:16
    at FSReqCallback.oncomplete (node:fs:188:23)
Error: Cannot find module 'D:\Djuli\Djuli v2.0\typescript-djuli\build\main.bundle.js'
    at Function.Module._resolveFilename (node:internal/modules/cjs/loader:933:15)
    at Function.Module._load (node:internal/modules/cjs/loader:778:27)
    at C:\Users\Shashikant\AppData\Roaming\npm\node_modules\pm2\lib\ProcessContainer.js:303:25
    at wrapper (C:\Users\Shashikant\AppData\Roaming\npm\node_modules\pm2\node_modules\async\internal\once.js:12:16)
    at next (C:\Users\Shashikant\AppData\Roaming\npm\node_modules\pm2\node_modules\async\waterfall.js:96:20)
    at C:\Users\Shashikant\AppData\Roaming\npm\node_modules\pm2\node_modules\async\internal\onlyOnce.js:12:16
    at WriteStream.<anonymous> (C:\Users\Shashikant\AppData\Roaming\npm\node_modules\pm2\lib\Utility.js:186:13)
    at WriteStream.emit (node:events:390:28)
    at node:internal/fs/streams:72:16
    at FSReqCallback.oncomplete (node:fs:188:23)
Error: Cannot find module 'D:\Djuli\Djuli v2.0\typescript-djuli\build\main.bundle.js'
    at Function.Module._resolveFilename (node:internal/modules/cjs/loader:933:15)
    at Function.Module._load (node:internal/modules/cjs/loader:778:27)
    at C:\Users\Shashikant\AppData\Roaming\npm\node_modules\pm2\lib\ProcessContainer.js:303:25
    at wrapper (C:\Users\Shashikant\AppData\Roaming\npm\node_modules\pm2\node_modules\async\internal\once.js:12:16)
    at next (C:\Users\Shashikant\AppData\Roaming\npm\node_modules\pm2\node_modules\async\waterfall.js:96:20)
    at C:\Users\Shashikant\AppData\Roaming\npm\node_modules\pm2\node_modules\async\internal\onlyOnce.js:12:16
    at WriteStream.<anonymous> (C:\Users\Shashikant\AppData\Roaming\npm\node_modules\pm2\lib\Utility.js:186:13)
    at WriteStream.emit (node:events:390:28)
    at node:internal/fs/streams:72:16
    at FSReqCallback.oncomplete (node:fs:188:23)
Error: Cannot find module 'D:\Djuli\Djuli v2.0\typescript-djuli\build\main.bundle.js'
    at Function.Module._resolveFilename (node:internal/modules/cjs/loader:933:15)
    at Function.Module._load (node:internal/modules/cjs/loader:778:27)
    at C:\Users\Shashikant\AppData\Roaming\npm\node_modules\pm2\lib\ProcessContainer.js:303:25
    at wrapper (C:\Users\Shashikant\AppData\Roaming\npm\node_modules\pm2\node_modules\async\internal\once.js:12:16)
    at next (C:\Users\Shashikant\AppData\Roaming\npm\node_modules\pm2\node_modules\async\waterfall.js:96:20)
    at C:\Users\Shashikant\AppData\Roaming\npm\node_modules\pm2\node_modules\async\internal\onlyOnce.js:12:16
    at WriteStream.<anonymous> (C:\Users\Shashikant\AppData\Roaming\npm\node_modules\pm2\lib\Utility.js:186:13)
    at WriteStream.emit (node:events:390:28)
    at node:internal/fs/streams:72:16
    at FSReqCallback.oncomplete (node:fs:188:23)
Error: Cannot find module 'D:\Djuli\Djuli v2.0\typescript-djuli\build\main.bundle.js'
    at Function.Module._resolveFilename (node:internal/modules/cjs/loader:933:15)
    at Function.Module._load (node:internal/modules/cjs/loader:778:27)
    at C:\Users\Shashikant\AppData\Roaming\npm\node_modules\pm2\lib\ProcessContainer.js:303:25
    at wrapper (C:\Users\Shashikant\AppData\Roaming\npm\node_modules\pm2\node_modules\async\internal\once.js:12:16)
    at next (C:\Users\Shashikant\AppData\Roaming\npm\node_modules\pm2\node_modules\async\waterfall.js:96:20)
    at C:\Users\Shashikant\AppData\Roaming\npm\node_modules\pm2\node_modules\async\internal\onlyOnce.js:12:16
    at WriteStream.<anonymous> (C:\Users\Shashikant\AppData\Roaming\npm\node_modules\pm2\lib\Utility.js:186:13)
    at WriteStream.emit (node:events:390:28)
    at node:internal/fs/streams:72:16
    at FSReqCallback.oncomplete (node:fs:188:23)
Error: Cannot find module 'D:\Djuli\Djuli v2.0\typescript-djuli\build\main.bundle.js'
    at Function.Module._resolveFilename (node:internal/modules/cjs/loader:933:15)
    at Function.Module._load (node:internal/modules/cjs/loader:778:27)
    at C:\Users\Shashikant\AppData\Roaming\npm\node_modules\pm2\lib\ProcessContainer.js:303:25
    at wrapper (C:\Users\Shashikant\AppData\Roaming\npm\node_modules\pm2\node_modules\async\internal\once.js:12:16)
    at next (C:\Users\Shashikant\AppData\Roaming\npm\node_modules\pm2\node_modules\async\waterfall.js:96:20)
    at C:\Users\Shashikant\AppData\Roaming\npm\node_modules\pm2\node_modules\async\internal\onlyOnce.js:12:16
    at WriteStream.<anonymous> (C:\Users\Shashikant\AppData\Roaming\npm\node_modules\pm2\lib\Utility.js:186:13)
    at WriteStream.emit (node:events:390:28)
    at node:internal/fs/streams:72:16
    at FSReqCallback.oncomplete (node:fs:188:23)
Error: Cannot find module 'D:\Djuli\Djuli v2.0\typescript-djuli\build\main.bundle.js'
    at Function.Module._resolveFilename (node:internal/modules/cjs/loader:933:15)
    at Function.Module._load (node:internal/modules/cjs/loader:778:27)
    at C:\Users\Shashikant\AppData\Roaming\npm\node_modules\pm2\lib\ProcessContainer.js:303:25
    at wrapper (C:\Users\Shashikant\AppData\Roaming\npm\node_modules\pm2\node_modules\async\internal\once.js:12:16)
    at next (C:\Users\Shashikant\AppData\Roaming\npm\node_modules\pm2\node_modules\async\waterfall.js:96:20)
    at C:\Users\Shashikant\AppData\Roaming\npm\node_modules\pm2\node_modules\async\internal\onlyOnce.js:12:16
    at WriteStream.<anonymous> (C:\Users\Shashikant\AppData\Roaming\npm\node_modules\pm2\lib\Utility.js:186:13)
    at WriteStream.emit (node:events:390:28)
    at node:internal/fs/streams:72:16
    at FSReqCallback.oncomplete (node:fs:188:23)
Error: Cannot find module 'D:\Djuli\Djuli v2.0\typescript-djuli\build\main.bundle.js'
    at Function.Module._resolveFilename (node:internal/modules/cjs/loader:933:15)
    at Function.Module._load (node:internal/modules/cjs/loader:778:27)
    at C:\Users\Shashikant\AppData\Roaming\npm\node_modules\pm2\lib\ProcessContainer.js:303:25
    at wrapper (C:\Users\Shashikant\AppData\Roaming\npm\node_modules\pm2\node_modules\async\internal\once.js:12:16)
    at next (C:\Users\Shashikant\AppData\Roaming\npm\node_modules\pm2\node_modules\async\waterfall.js:96:20)
    at C:\Users\Shashikant\AppData\Roaming\npm\node_modules\pm2\node_modules\async\internal\onlyOnce.js:12:16
    at WriteStream.<anonymous> (C:\Users\Shashikant\AppData\Roaming\npm\node_modules\pm2\lib\Utility.js:186:13)
    at WriteStream.emit (node:events:390:28)
    at node:internal/fs/streams:72:16
    at FSReqCallback.oncomplete (node:fs:188:23)
Error: Cannot find module 'D:\Djuli\Djuli v2.0\typescript-djuli\build\main.bundle.js'
    at Function.Module._resolveFilename (node:internal/modules/cjs/loader:933:15)
    at Function.Module._load (node:internal/modules/cjs/loader:778:27)
    at C:\Users\Shashikant\AppData\Roaming\npm\node_modules\pm2\lib\ProcessContainer.js:303:25
    at wrapper (C:\Users\Shashikant\AppData\Roaming\npm\node_modules\pm2\node_modules\async\internal\once.js:12:16)
    at next (C:\Users\Shashikant\AppData\Roaming\npm\node_modules\pm2\node_modules\async\waterfall.js:96:20)
    at C:\Users\Shashikant\AppData\Roaming\npm\node_modules\pm2\node_modules\async\internal\onlyOnce.js:12:16
    at WriteStream.<anonymous> (C:\Users\Shashikant\AppData\Roaming\npm\node_modules\pm2\lib\Utility.js:186:13)
    at WriteStream.emit (node:events:390:28)
    at node:internal/fs/streams:72:16
    at FSReqCallback.oncomplete (node:fs:188:23)
Error: Cannot find module 'D:\Djuli\Djuli v2.0\typescript-djuli\build\main.bundle.js'
    at Function.Module._resolveFilename (node:internal/modules/cjs/loader:933:15)
    at Function.Module._load (node:internal/modules/cjs/loader:778:27)
    at C:\Users\Shashikant\AppData\Roaming\npm\node_modules\pm2\lib\ProcessContainer.js:303:25
    at wrapper (C:\Users\Shashikant\AppData\Roaming\npm\node_modules\pm2\node_modules\async\internal\once.js:12:16)
    at next (C:\Users\Shashikant\AppData\Roaming\npm\node_modules\pm2\node_modules\async\waterfall.js:96:20)
    at C:\Users\Shashikant\AppData\Roaming\npm\node_modules\pm2\node_modules\async\internal\onlyOnce.js:12:16
    at WriteStream.<anonymous> (C:\Users\Shashikant\AppData\Roaming\npm\node_modules\pm2\lib\Utility.js:186:13)
    at WriteStream.emit (node:events:390:28)
    at node:internal/fs/streams:72:16
    at FSReqCallback.oncomplete (node:fs:188:23)
Error: Cannot find module 'D:\Djuli\Djuli v2.0\typescript-djuli\build\main.bundle.js'
    at Function.Module._resolveFilename (node:internal/modules/cjs/loader:933:15)
    at Function.Module._load (node:internal/modules/cjs/loader:778:27)
    at C:\Users\Shashikant\AppData\Roaming\npm\node_modules\pm2\lib\ProcessContainer.js:303:25
    at wrapper (C:\Users\Shashikant\AppData\Roaming\npm\node_modules\pm2\node_modules\async\internal\once.js:12:16)
    at next (C:\Users\Shashikant\AppData\Roaming\npm\node_modules\pm2\node_modules\async\waterfall.js:96:20)
    at C:\Users\Shashikant\AppData\Roaming\npm\node_modules\pm2\node_modules\async\internal\onlyOnce.js:12:16
    at WriteStream.<anonymous> (C:\Users\Shashikant\AppData\Roaming\npm\node_modules\pm2\lib\Utility.js:186:13)
    at WriteStream.emit (node:events:390:28)
    at node:internal/fs/streams:72:16
    at FSReqCallback.oncomplete (node:fs:188:23)
Error: Cannot find module 'D:\Djuli\Djuli v2.0\typescript-djuli\build\main.bundle.js'
    at Function.Module._resolveFilename (node:internal/modules/cjs/loader:933:15)
    at Function.Module._load (node:internal/modules/cjs/loader:778:27)
    at C:\Users\Shashikant\AppData\Roaming\npm\node_modules\pm2\lib\ProcessContainer.js:303:25
    at wrapper (C:\Users\Shashikant\AppData\Roaming\npm\node_modules\pm2\node_modules\async\internal\once.js:12:16)
    at next (C:\Users\Shashikant\AppData\Roaming\npm\node_modules\pm2\node_modules\async\waterfall.js:96:20)
    at C:\Users\Shashikant\AppData\Roaming\npm\node_modules\pm2\node_modules\async\internal\onlyOnce.js:12:16
    at WriteStream.<anonymous> (C:\Users\Shashikant\AppData\Roaming\npm\node_modules\pm2\lib\Utility.js:186:13)
    at WriteStream.emit (node:events:390:28)
    at node:internal/fs/streams:72:16
    at FSReqCallback.oncomplete (node:fs:188:23)
Error: Cannot find module 'D:\Djuli\Djuli v2.0\typescript-djuli\build\main.bundle.js'
    at Function.Module._resolveFilename (node:internal/modules/cjs/loader:933:15)
    at Function.Module._load (node:internal/modules/cjs/loader:778:27)
    at C:\Users\Shashikant\AppData\Roaming\npm\node_modules\pm2\lib\ProcessContainer.js:303:25
    at wrapper (C:\Users\Shashikant\AppData\Roaming\npm\node_modules\pm2\node_modules\async\internal\once.js:12:16)
    at next (C:\Users\Shashikant\AppData\Roaming\npm\node_modules\pm2\node_modules\async\waterfall.js:96:20)
    at C:\Users\Shashikant\AppData\Roaming\npm\node_modules\pm2\node_modules\async\internal\onlyOnce.js:12:16
    at WriteStream.<anonymous> (C:\Users\Shashikant\AppData\Roaming\npm\node_modules\pm2\lib\Utility.js:186:13)
    at WriteStream.emit (node:events:390:28)
    at node:internal/fs/streams:72:16
    at FSReqCallback.oncomplete (node:fs:188:23)
Error: Cannot find module 'D:\Djuli\Djuli v2.0\typescript-djuli\build\main.bundle.js'
    at Function.Module._resolveFilename (node:internal/modules/cjs/loader:933:15)
    at Function.Module._load (node:internal/modules/cjs/loader:778:27)
    at C:\Users\Shashikant\AppData\Roaming\npm\node_modules\pm2\lib\ProcessContainer.js:303:25
    at wrapper (C:\Users\Shashikant\AppData\Roaming\npm\node_modules\pm2\node_modules\async\internal\once.js:12:16)
    at next (C:\Users\Shashikant\AppData\Roaming\npm\node_modules\pm2\node_modules\async\waterfall.js:96:20)
    at C:\Users\Shashikant\AppData\Roaming\npm\node_modules\pm2\node_modules\async\internal\onlyOnce.js:12:16
    at WriteStream.<anonymous> (C:\Users\Shashikant\AppData\Roaming\npm\node_modules\pm2\lib\Utility.js:186:13)
    at WriteStream.emit (node:events:390:28)
    at node:internal/fs/streams:72:16
    at FSReqCallback.oncomplete (node:fs:188:23)
Error: Cannot find module 'D:\Djuli\Djuli v2.0\typescript-djuli\build\main.bundle.js'
    at Function.Module._resolveFilename (node:internal/modules/cjs/loader:933:15)
    at Function.Module._load (node:internal/modules/cjs/loader:778:27)
    at C:\Users\Shashikant\AppData\Roaming\npm\node_modules\pm2\lib\ProcessContainer.js:303:25
    at wrapper (C:\Users\Shashikant\AppData\Roaming\npm\node_modules\pm2\node_modules\async\internal\once.js:12:16)
    at next (C:\Users\Shashikant\AppData\Roaming\npm\node_modules\pm2\node_modules\async\waterfall.js:96:20)
    at C:\Users\Shashikant\AppData\Roaming\npm\node_modules\pm2\node_modules\async\internal\onlyOnce.js:12:16
    at WriteStream.<anonymous> (C:\Users\Shashikant\AppData\Roaming\npm\node_modules\pm2\lib\Utility.js:186:13)
    at WriteStream.emit (node:events:390:28)
    at node:internal/fs/streams:72:16
    at FSReqCallback.oncomplete (node:fs:188:23)
Error: Cannot find module 'D:\Djuli\Djuli v2.0\typescript-djuli\build\main.bundle.js'
    at Function.Module._resolveFilename (node:internal/modules/cjs/loader:933:15)
    at Function.Module._load (node:internal/modules/cjs/loader:778:27)
    at C:\Users\Shashikant\AppData\Roaming\npm\node_modules\pm2\lib\ProcessContainer.js:303:25
    at wrapper (C:\Users\Shashikant\AppData\Roaming\npm\node_modules\pm2\node_modules\async\internal\once.js:12:16)
    at next (C:\Users\Shashikant\AppData\Roaming\npm\node_modules\pm2\node_modules\async\waterfall.js:96:20)
    at C:\Users\Shashikant\AppData\Roaming\npm\node_modules\pm2\node_modules\async\internal\onlyOnce.js:12:16
    at WriteStream.<anonymous> (C:\Users\Shashikant\AppData\Roaming\npm\node_modules\pm2\lib\Utility.js:186:13)
    at WriteStream.emit (node:events:390:28)
    at node:internal/fs/streams:72:16
    at FSReqCallback.oncomplete (node:fs:188:23)
Error: Cannot find module 'D:\Djuli\Djuli v2.0\typescript-djuli\build\main.bundle.js'
    at Function.Module._resolveFilename (node:internal/modules/cjs/loader:933:15)
    at Function.Module._load (node:internal/modules/cjs/loader:778:27)
    at C:\Users\Shashikant\AppData\Roaming\npm\node_modules\pm2\lib\ProcessContainer.js:303:25
    at wrapper (C:\Users\Shashikant\AppData\Roaming\npm\node_modules\pm2\node_modules\async\internal\once.js:12:16)
    at next (C:\Users\Shashikant\AppData\Roaming\npm\node_modules\pm2\node_modules\async\waterfall.js:96:20)
    at C:\Users\Shashikant\AppData\Roaming\npm\node_modules\pm2\node_modules\async\internal\onlyOnce.js:12:16
    at WriteStream.<anonymous> (C:\Users\Shashikant\AppData\Roaming\npm\node_modules\pm2\lib\Utility.js:186:13)
    at WriteStream.emit (node:events:390:28)
    at node:internal/fs/streams:72:16
    at FSReqCallback.oncomplete (node:fs:188:23)
Error: Cannot find module 'D:\Djuli\Djuli v2.0\typescript-djuli\build\main.bundle.js'
    at Function.Module._resolveFilename (node:internal/modules/cjs/loader:933:15)
    at Function.Module._load (node:internal/modules/cjs/loader:778:27)
    at C:\Users\Shashikant\AppData\Roaming\npm\node_modules\pm2\lib\ProcessContainer.js:303:25
    at wrapper (C:\Users\Shashikant\AppData\Roaming\npm\node_modules\pm2\node_modules\async\internal\once.js:12:16)
    at next (C:\Users\Shashikant\AppData\Roaming\npm\node_modules\pm2\node_modules\async\waterfall.js:96:20)
    at C:\Users\Shashikant\AppData\Roaming\npm\node_modules\pm2\node_modules\async\internal\onlyOnce.js:12:16
    at WriteStream.<anonymous> (C:\Users\Shashikant\AppData\Roaming\npm\node_modules\pm2\lib\Utility.js:186:13)
    at WriteStream.emit (node:events:390:28)
    at node:internal/fs/streams:72:16
    at FSReqCallback.oncomplete (node:fs:188:23)
Error: Cannot find module 'D:\Djuli\Djuli v2.0\typescript-djuli\build\main.bundle.js'
    at Function.Module._resolveFilename (node:internal/modules/cjs/loader:933:15)
    at Function.Module._load (node:internal/modules/cjs/loader:778:27)
    at C:\Users\Shashikant\AppData\Roaming\npm\node_modules\pm2\lib\ProcessContainer.js:303:25
    at wrapper (C:\Users\Shashikant\AppData\Roaming\npm\node_modules\pm2\node_modules\async\internal\once.js:12:16)
    at next (C:\Users\Shashikant\AppData\Roaming\npm\node_modules\pm2\node_modules\async\waterfall.js:96:20)
    at C:\Users\Shashikant\AppData\Roaming\npm\node_modules\pm2\node_modules\async\internal\onlyOnce.js:12:16
    at WriteStream.<anonymous> (C:\Users\Shashikant\AppData\Roaming\npm\node_modules\pm2\lib\Utility.js:186:13)
    at WriteStream.emit (node:events:390:28)
    at node:internal/fs/streams:72:16
    at FSReqCallback.oncomplete (node:fs:188:23)
Error: Cannot find module 'D:\Djuli\Djuli v2.0\typescript-djuli\build\main.bundle.js'
    at Function.Module._resolveFilename (node:internal/modules/cjs/loader:933:15)
    at Function.Module._load (node:internal/modules/cjs/loader:778:27)
    at C:\Users\Shashikant\AppData\Roaming\npm\node_modules\pm2\lib\ProcessContainer.js:303:25
    at wrapper (C:\Users\Shashikant\AppData\Roaming\npm\node_modules\pm2\node_modules\async\internal\once.js:12:16)
    at next (C:\Users\Shashikant\AppData\Roaming\npm\node_modules\pm2\node_modules\async\waterfall.js:96:20)
    at C:\Users\Shashikant\AppData\Roaming\npm\node_modules\pm2\node_modules\async\internal\onlyOnce.js:12:16
    at WriteStream.<anonymous> (C:\Users\Shashikant\AppData\Roaming\npm\node_modules\pm2\lib\Utility.js:186:13)
    at WriteStream.emit (node:events:390:28)
    at node:internal/fs/streams:72:16
    at FSReqCallback.oncomplete (node:fs:188:23)
Error: Cannot find module 'D:\Djuli\Djuli v2.0\typescript-djuli\build\main.bundle.js'
    at Function.Module._resolveFilename (node:internal/modules/cjs/loader:933:15)
    at Function.Module._load (node:internal/modules/cjs/loader:778:27)
    at C:\Users\Shashikant\AppData\Roaming\npm\node_modules\pm2\lib\ProcessContainer.js:303:25
    at wrapper (C:\Users\Shashikant\AppData\Roaming\npm\node_modules\pm2\node_modules\async\internal\once.js:12:16)
    at next (C:\Users\Shashikant\AppData\Roaming\npm\node_modules\pm2\node_modules\async\waterfall.js:96:20)
    at C:\Users\Shashikant\AppData\Roaming\npm\node_modules\pm2\node_modules\async\internal\onlyOnce.js:12:16
    at WriteStream.<anonymous> (C:\Users\Shashikant\AppData\Roaming\npm\node_modules\pm2\lib\Utility.js:186:13)
    at WriteStream.emit (node:events:390:28)
    at node:internal/fs/streams:72:16
    at FSReqCallback.oncomplete (node:fs:188:23)
Error: Cannot find module 'D:\Djuli\Djuli v2.0\typescript-djuli\build\main.bundle.js'
    at Function.Module._resolveFilename (node:internal/modules/cjs/loader:933:15)
    at Function.Module._load (node:internal/modules/cjs/loader:778:27)
    at C:\Users\Shashikant\AppData\Roaming\npm\node_modules\pm2\lib\ProcessContainer.js:303:25
    at wrapper (C:\Users\Shashikant\AppData\Roaming\npm\node_modules\pm2\node_modules\async\internal\once.js:12:16)
    at next (C:\Users\Shashikant\AppData\Roaming\npm\node_modules\pm2\node_modules\async\waterfall.js:96:20)
    at C:\Users\Shashikant\AppData\Roaming\npm\node_modules\pm2\node_modules\async\internal\onlyOnce.js:12:16
    at WriteStream.<anonymous> (C:\Users\Shashikant\AppData\Roaming\npm\node_modules\pm2\lib\Utility.js:186:13)
    at WriteStream.emit (node:events:390:28)
    at node:internal/fs/streams:72:16
    at FSReqCallback.oncomplete (node:fs:188:23)
Error: Cannot find module 'D:\Djuli\Djuli v2.0\typescript-djuli\build\main.bundle.js'
    at Function.Module._resolveFilename (node:internal/modules/cjs/loader:933:15)
    at Function.Module._load (node:internal/modules/cjs/loader:778:27)
    at C:\Users\Shashikant\AppData\Roaming\npm\node_modules\pm2\lib\ProcessContainer.js:303:25
    at wrapper (C:\Users\Shashikant\AppData\Roaming\npm\node_modules\pm2\node_modules\async\internal\once.js:12:16)
    at next (C:\Users\Shashikant\AppData\Roaming\npm\node_modules\pm2\node_modules\async\waterfall.js:96:20)
    at C:\Users\Shashikant\AppData\Roaming\npm\node_modules\pm2\node_modules\async\internal\onlyOnce.js:12:16
    at WriteStream.<anonymous> (C:\Users\Shashikant\AppData\Roaming\npm\node_modules\pm2\lib\Utility.js:186:13)
    at WriteStream.emit (node:events:390:28)
    at node:internal/fs/streams:72:16
    at FSReqCallback.oncomplete (node:fs:188:23)
Error: Cannot find module 'D:\Djuli\Djuli v2.0\typescript-djuli\build\main.bundle.js'
    at Function.Module._resolveFilename (node:internal/modules/cjs/loader:933:15)
    at Function.Module._load (node:internal/modules/cjs/loader:778:27)
    at C:\Users\Shashikant\AppData\Roaming\npm\node_modules\pm2\lib\ProcessContainer.js:303:25
    at wrapper (C:\Users\Shashikant\AppData\Roaming\npm\node_modules\pm2\node_modules\async\internal\once.js:12:16)
    at next (C:\Users\Shashikant\AppData\Roaming\npm\node_modules\pm2\node_modules\async\waterfall.js:96:20)
    at C:\Users\Shashikant\AppData\Roaming\npm\node_modules\pm2\node_modules\async\internal\onlyOnce.js:12:16
    at WriteStream.<anonymous> (C:\Users\Shashikant\AppData\Roaming\npm\node_modules\pm2\lib\Utility.js:186:13)
    at WriteStream.emit (node:events:390:28)
    at node:internal/fs/streams:72:16
    at FSReqCallback.oncomplete (node:fs:188:23)
Error: Cannot find module 'D:\Djuli\Djuli v2.0\typescript-djuli\build\main.bundle.js'
    at Function.Module._resolveFilename (node:internal/modules/cjs/loader:933:15)
    at Function.Module._load (node:internal/modules/cjs/loader:778:27)
    at C:\Users\Shashikant\AppData\Roaming\npm\node_modules\pm2\lib\ProcessContainer.js:303:25
    at wrapper (C:\Users\Shashikant\AppData\Roaming\npm\node_modules\pm2\node_modules\async\internal\once.js:12:16)
    at next (C:\Users\Shashikant\AppData\Roaming\npm\node_modules\pm2\node_modules\async\waterfall.js:96:20)
    at C:\Users\Shashikant\AppData\Roaming\npm\node_modules\pm2\node_modules\async\internal\onlyOnce.js:12:16
    at WriteStream.<anonymous> (C:\Users\Shashikant\AppData\Roaming\npm\node_modules\pm2\lib\Utility.js:186:13)
    at WriteStream.emit (node:events:390:28)
    at node:internal/fs/streams:72:16
    at FSReqCallback.oncomplete (node:fs:188:23)
Error: Cannot find module 'D:\Djuli\Djuli v2.0\typescript-djuli\build\main.bundle.js'
    at Function.Module._resolveFilename (node:internal/modules/cjs/loader:933:15)
    at Function.Module._load (node:internal/modules/cjs/loader:778:27)
    at C:\Users\Shashikant\AppData\Roaming\npm\node_modules\pm2\lib\ProcessContainer.js:303:25
    at wrapper (C:\Users\Shashikant\AppData\Roaming\npm\node_modules\pm2\node_modules\async\internal\once.js:12:16)
    at next (C:\Users\Shashikant\AppData\Roaming\npm\node_modules\pm2\node_modules\async\waterfall.js:96:20)
    at C:\Users\Shashikant\AppData\Roaming\npm\node_modules\pm2\node_modules\async\internal\onlyOnce.js:12:16
    at WriteStream.<anonymous> (C:\Users\Shashikant\AppData\Roaming\npm\node_modules\pm2\lib\Utility.js:186:13)
    at WriteStream.emit (node:events:390:28)
    at node:internal/fs/streams:72:16
    at FSReqCallback.oncomplete (node:fs:188:23)
Error: Cannot find module 'D:\Djuli\Djuli v2.0\typescript-djuli\build\main.bundle.js'
    at Function.Module._resolveFilename (node:internal/modules/cjs/loader:933:15)
    at Function.Module._load (node:internal/modules/cjs/loader:778:27)
    at C:\Users\Shashikant\AppData\Roaming\npm\node_modules\pm2\lib\ProcessContainer.js:303:25
    at wrapper (C:\Users\Shashikant\AppData\Roaming\npm\node_modules\pm2\node_modules\async\internal\once.js:12:16)
    at next (C:\Users\Shashikant\AppData\Roaming\npm\node_modules\pm2\node_modules\async\waterfall.js:96:20)
    at C:\Users\Shashikant\AppData\Roaming\npm\node_modules\pm2\node_modules\async\internal\onlyOnce.js:12:16
    at WriteStream.<anonymous> (C:\Users\Shashikant\AppData\Roaming\npm\node_modules\pm2\lib\Utility.js:186:13)
    at WriteStream.emit (node:events:390:28)
    at node:internal/fs/streams:72:16
    at FSReqCallback.oncomplete (node:fs:188:23)
Error: Cannot find module 'D:\Djuli\Djuli v2.0\typescript-djuli\build\main.bundle.js'
    at Function.Module._resolveFilename (node:internal/modules/cjs/loader:933:15)
    at Function.Module._load (node:internal/modules/cjs/loader:778:27)
    at C:\Users\Shashikant\AppData\Roaming\npm\node_modules\pm2\lib\ProcessContainer.js:303:25
    at wrapper (C:\Users\Shashikant\AppData\Roaming\npm\node_modules\pm2\node_modules\async\internal\once.js:12:16)
    at next (C:\Users\Shashikant\AppData\Roaming\npm\node_modules\pm2\node_modules\async\waterfall.js:96:20)
    at C:\Users\Shashikant\AppData\Roaming\npm\node_modules\pm2\node_modules\async\internal\onlyOnce.js:12:16
    at WriteStream.<anonymous> (C:\Users\Shashikant\AppData\Roaming\npm\node_modules\pm2\lib\Utility.js:186:13)
    at WriteStream.emit (node:events:390:28)
    at node:internal/fs/streams:72:16
    at FSReqCallback.oncomplete (node:fs:188:23)
2022-07-21T20:55:10: [winston] Attempt to write logs with no transports, which can increase memory usage: {"message":"Listening on port 8080","level":"info"}
2022-07-21T20:55:10: [winston] Attempt to write logs with no transports, which can increase memory usage: {"message":"Listening on port 8080","level":"info"}
2022-07-21T20:55:10: [winston] Attempt to write logs with no transports, which can increase memory usage: {"message":"Listening on port 8080","level":"info"}
2022-07-21T20:55:11: [winston] Attempt to write logs with no transports, which can increase memory usage: {"message":"Listening on port 8080","level":"info"}
